<?xml version="1.0" encoding="UTF-8"?>
<testng-results skipped="0" failed="0" ignored="0" total="1" passed="1">
  <reporter-output>
  </reporter-output>
  <suite name="Default suite" duration-ms="19005" started-at="2018-05-26T23:45:24Z" finished-at="2018-05-26T23:45:43Z">
    <groups>
    </groups>
    <test name="Default test" duration-ms="19005" started-at="2018-05-26T23:45:24Z" finished-at="2018-05-26T23:45:43Z">
      <class name="assignment2.A2Stepdefination">
        <test-method status="PASS" signature="Test()[pri:0, instance:assignment2.A2Stepdefination@8bd1b6a]" name="Test" duration-ms="18971" started-at="2018-05-26T19:45:24Z" finished-at="2018-05-26T19:45:43Z">
          <reporter-output>
          </reporter-output>
        </test-method> <!-- Test -->
      </class> <!-- assignment2.A2Stepdefination -->
    </test> <!-- Default test -->
  </suite> <!-- Default suite -->
</testng-results>
